2025-03-28 00:16:30,023 - INFO - Aplicación iniciada.
2025-03-28 00:18:31,842 - INFO - Directorio de entrada: C:/Users/ivanw/Desktop/origen
2025-03-28 00:18:37,411 - INFO - Directorio de salida: C:/Users/ivanw/Desktop/destino
2025-03-28 00:19:10,484 - INFO - Carpeta de backups: C:/Users/ivanw/Desktop/backups
2025-03-28 00:21:40,330 - INFO - Iniciada la monitorización en: C:/Users/ivanw/Desktop/origen
2025-03-28 00:21:40,330 - INFO - Monitorización iniciada.
2025-03-28 00:21:48,441 - INFO - Iniciada la monitorización en: C:/Users/ivanw/Desktop/origen
2025-03-28 00:21:48,442 - INFO - Monitorización iniciada.
2025-03-28 00:33:06,841 - INFO - Aplicación iniciada.
2025-03-28 00:33:26,854 - INFO - Directorio de entrada: C:/Users/ivanw/Desktop/origen
2025-03-28 00:33:37,308 - INFO - Directorio de salida: C:/Users/ivanw/Desktop/destino
2025-03-28 00:33:56,875 - INFO - Carpeta de backups: C:/Users/ivanw/Desktop/backups
2025-03-28 00:34:11,112 - INFO - Configuraciones guardadas.
2025-03-28 00:34:11,115 - INFO - Nueva configuración 'config-prueba' creada.
2025-03-28 00:34:16,619 - INFO - Configuración activa: config-prueba
2025-03-28 00:34:19,799 - INFO - Iniciada la monitorización en: C:/Users/ivanw/Desktop/origen
2025-03-28 00:34:19,799 - INFO - Monitorización iniciada.
2025-03-28 00:36:42,080 - INFO - Aplicación iniciada.
2025-03-28 00:36:49,435 - INFO - Directorio de entrada: C:/Users/ivanw/Desktop/origen
2025-03-28 00:36:55,912 - INFO - Directorio de salida: C:/Users/ivanw/Desktop/destino
2025-03-28 00:37:02,341 - INFO - Carpeta de backups: C:/Users/ivanw/Desktop/backups
2025-03-28 00:37:08,483 - INFO - Configuración activa: config-prueba
2025-03-28 00:46:41,675 - INFO - Aplicación iniciada.
2025-03-28 00:46:53,688 - INFO - Directorio de entrada: C:/Users/ivanw/Desktop/origen
2025-03-28 00:47:01,218 - INFO - Directorio de salida: C:/Users/ivanw/Desktop/destino
2025-03-28 00:47:07,637 - INFO - Carpeta de backups: C:/Users/ivanw/Desktop/backups
2025-03-28 00:47:10,760 - INFO - Configuración activa: config-prueba
2025-03-28 00:50:07,244 - INFO - Configuraciones guardadas.
2025-03-28 00:50:07,244 - INFO - Configuración 'config-prueba' actualizada.
2025-03-28 00:50:10,201 - INFO - Iniciada la monitorización en: C:/Users/ivanw/Desktop/origen
2025-03-28 00:50:10,201 - INFO - Monitorización iniciada.
2025-03-28 00:52:40,459 - INFO - Archivo detectado: C:/Users/ivanw/Desktop/origen\s12-SIU-example.hl7
2025-03-28 00:52:40,473 - INFO - Procesando archivo: C:/Users/ivanw/Desktop/origen\s12-SIU-example.hl7
2025-03-28 00:52:40,474 - INFO - Eliminado segmento: AIL
2025-03-28 00:52:40,474 - INFO - Segmento agregado en la posición 7: ['NK1']
2025-03-28 00:52:40,474 - INFO - Campo modificado en segmento MSH: índice 3 de '14-1135' a 'PRAXISINTERFACEMANAGER'
2025-03-28 00:52:40,474 - INFO - Valor copiado en segmento MSH: de índice 3 a índice 7
2025-03-28 00:52:40,490 - INFO - Archivo HL7 escrito en: C:/Users/ivanw/Desktop/destino\s12-SIU-example.hl7
2025-03-28 00:52:40,496 - INFO - Archivo procesado. Original movido a backups: C:/Users/ivanw/Desktop/backups\s12-SIU-example.hl7
2025-03-28 00:53:24,377 - INFO - Archivo detectado: C:/Users/ivanw/Desktop/origen\s12.hl7
2025-03-28 00:53:24,378 - INFO - Procesando archivo: C:/Users/ivanw/Desktop/origen\s12.hl7
2025-03-28 00:53:24,398 - INFO - Error procesando C:/Users/ivanw/Desktop/origen\s12.hl7: [Errno 13] Permission denied: 'C:/Users/ivanw/Desktop/origen\\s12.hl7'
2025-03-28 00:58:05,229 - INFO - Monitorización detenida.
2025-03-28 00:58:05,230 - INFO - Monitorización detenida.
2025-03-28 00:58:09,085 - INFO - Iniciada la monitorización en: C:/Users/ivanw/Desktop/origen
2025-03-28 00:58:09,086 - INFO - Monitorización iniciada.
2025-03-28 00:59:05,340 - INFO - Archivo detectado: C:/Users/ivanw/Desktop/origen\S12queSiPasó.hl7
2025-03-28 00:59:05,348 - INFO - Procesando archivo: C:/Users/ivanw/Desktop/origen\S12queSiPasó.hl7
2025-03-28 00:59:05,370 - INFO - Eliminado segmento: AIL
2025-03-28 00:59:05,370 - INFO - Segmento agregado en la posición 7: ['NK1']
2025-03-28 00:59:05,371 - INFO - Campo modificado en segmento MSH: índice 3 de 'OPENPM' a 'PRAXISINTERFACEMANAGER'
2025-03-28 00:59:05,371 - INFO - Valor copiado en segmento MSH: de índice 3 a índice 7
2025-03-28 00:59:05,372 - INFO - Archivo HL7 escrito en: C:/Users/ivanw/Desktop/destino\S12queSiPasó.hl7
2025-03-28 00:59:05,372 - INFO - Archivo procesado. Original movido a backups: C:/Users/ivanw/Desktop/backups\S12queSiPasó.hl7
2025-03-28 00:59:05,373 - INFO - Archivo detectado: C:/Users/ivanw/Desktop/origen\s12.hl7
2025-03-28 00:59:05,373 - INFO - Procesando archivo: C:/Users/ivanw/Desktop/origen\s12.hl7
2025-03-28 00:59:05,376 - INFO - Eliminado segmento: AIL
2025-03-28 00:59:05,376 - INFO - Segmento agregado en la posición 6: ['NK1']
2025-03-28 00:59:05,376 - INFO - Campo modificado en segmento MSH: índice 3 de '' a 'PRAXISINTERFACEMANAGER'
2025-03-28 00:59:05,376 - INFO - Valor copiado en segmento MSH: de índice 3 a índice 7
2025-03-28 00:59:05,377 - INFO - Archivo HL7 escrito en: C:/Users/ivanw/Desktop/destino\s12.hl7
2025-03-28 00:59:05,378 - INFO - Archivo procesado. Original movido a backups: C:/Users/ivanw/Desktop/backups\s12.hl7
2025-03-28 00:59:05,378 - INFO - Archivo detectado: C:/Users/ivanw/Desktop/origen\S12queNoPasó.hl7
2025-03-28 00:59:05,379 - INFO - Procesando archivo: C:/Users/ivanw/Desktop/origen\S12queNoPasó.hl7
2025-03-28 00:59:05,402 - INFO - Eliminado segmento: AIL
2025-03-28 00:59:05,402 - INFO - Segmento agregado en la posición 14: ['NK1']
2025-03-28 00:59:05,402 - INFO - Campo modificado en segmento MSH: índice 3 de 'OPENPM' a 'PRAXISINTERFACEMANAGER'
2025-03-28 00:59:05,402 - INFO - Valor copiado en segmento MSH: de índice 3 a índice 7
2025-03-28 00:59:05,403 - INFO - Archivo HL7 escrito en: C:/Users/ivanw/Desktop/destino\S12queNoPasó.hl7
2025-03-28 00:59:05,405 - INFO - Archivo procesado. Original movido a backups: C:/Users/ivanw/Desktop/backups\S12queNoPasó.hl7
2025-03-28 01:03:22,210 - INFO - Monitorización detenida.
2025-03-28 01:03:22,212 - INFO - Monitorización detenida.
2025-03-28 01:09:54,551 - INFO - Configuraciones guardadas.
2025-03-28 01:09:54,552 - INFO - Configuración 'config-prueba' actualizada.
2025-03-28 01:10:02,489 - INFO - Iniciada la monitorización en: C:/Users/ivanw/Desktop/origen
2025-03-28 01:10:02,489 - INFO - Monitorización iniciada.
2025-03-28 01:10:08,500 - INFO - Archivo detectado: C:/Users/ivanw/Desktop/origen\S12queSiPasó.hl7
2025-03-28 01:10:08,504 - INFO - Procesando archivo: C:/Users/ivanw/Desktop/origen\S12queSiPasó.hl7
2025-03-28 01:10:08,507 - INFO - Eliminado segmento: AIL
2025-03-28 01:10:08,507 - INFO - Segmento agregado en la posición 7: ['NK1']
2025-03-28 01:10:08,508 - INFO - Campo modificado en segmento MSH: índice 3 de 'OPENPM' a 'PRAXISINTERFACEMANAGER'
2025-03-28 01:10:08,508 - INFO - Valor copiado en segmento MSH: de índice 3 a índice 7
2025-03-28 01:10:08,508 - INFO - Campo modificado en segmento NK1: índice 0 de 'NK1' a '1'
2025-03-28 01:10:08,508 - INFO - Archivo HL7 escrito en: C:/Users/ivanw/Desktop/destino\S12queSiPasó.hl7
2025-03-28 01:10:08,516 - INFO - Archivo procesado. Original movido a backups: C:/Users/ivanw/Desktop/backups\S12queSiPasó.hl7
2025-03-28 01:10:08,517 - INFO - Archivo detectado: C:/Users/ivanw/Desktop/origen\s12.hl7
2025-03-28 01:10:08,517 - INFO - Procesando archivo: C:/Users/ivanw/Desktop/origen\s12.hl7
2025-03-28 01:10:08,582 - INFO - Eliminado segmento: AIL
2025-03-28 01:10:08,582 - INFO - Segmento agregado en la posición 6: ['NK1']
2025-03-28 01:10:08,582 - INFO - Campo modificado en segmento MSH: índice 3 de '' a 'PRAXISINTERFACEMANAGER'
2025-03-28 01:10:08,582 - INFO - Valor copiado en segmento MSH: de índice 3 a índice 7
2025-03-28 01:10:08,582 - INFO - Campo modificado en segmento NK1: índice 0 de 'NK1' a '1'
2025-03-28 01:10:08,583 - INFO - Archivo HL7 escrito en: C:/Users/ivanw/Desktop/destino\s12.hl7
2025-03-28 01:10:08,586 - INFO - Archivo procesado. Original movido a backups: C:/Users/ivanw/Desktop/backups\s12.hl7
2025-03-28 01:10:08,587 - INFO - Archivo detectado: C:/Users/ivanw/Desktop/origen\S12queNoPasó.hl7
2025-03-28 01:10:08,587 - INFO - Procesando archivo: C:/Users/ivanw/Desktop/origen\S12queNoPasó.hl7
2025-03-28 01:10:08,591 - INFO - Eliminado segmento: AIL
2025-03-28 01:10:08,592 - INFO - Segmento agregado en la posición 14: ['NK1']
2025-03-28 01:10:08,592 - INFO - Campo modificado en segmento MSH: índice 3 de 'OPENPM' a 'PRAXISINTERFACEMANAGER'
2025-03-28 01:10:08,592 - INFO - Valor copiado en segmento MSH: de índice 3 a índice 7
2025-03-28 01:10:08,592 - INFO - Campo modificado en segmento NK1: índice 0 de 'NK1' a '1'
2025-03-28 01:10:08,592 - INFO - Archivo HL7 escrito en: C:/Users/ivanw/Desktop/destino\S12queNoPasó.hl7
2025-03-28 01:10:08,594 - INFO - Archivo procesado. Original movido a backups: C:/Users/ivanw/Desktop/backups\S12queNoPasó.hl7
2025-03-28 01:11:23,118 - INFO - Configuraciones guardadas.
2025-03-28 01:11:23,119 - INFO - Configuración 'config-prueba' actualizada.
2025-03-28 01:11:26,038 - INFO - Monitorización detenida.
2025-03-28 01:11:26,040 - INFO - Monitorización detenida.
2025-03-28 01:11:27,790 - INFO - Monitorización detenida.
2025-03-28 01:11:27,791 - INFO - Monitorización detenida.
2025-03-28 01:11:28,247 - INFO - Monitorización detenida.
2025-03-28 01:11:28,247 - INFO - Monitorización detenida.
2025-03-28 01:11:28,398 - INFO - Monitorización detenida.
2025-03-28 01:11:28,399 - INFO - Monitorización detenida.
2025-03-28 01:11:28,534 - INFO - Monitorización detenida.
2025-03-28 01:11:28,535 - INFO - Monitorización detenida.
2025-03-28 01:18:13,133 - INFO - Monitorización detenida.
2025-03-28 01:18:13,133 - INFO - Monitorización detenida.
2025-03-28 01:23:54,498 - INFO - Aplicación iniciada.
2025-03-28 01:24:03,724 - INFO - Configuración activa: config-prueba
2025-03-28 01:24:37,171 - INFO - Aplicación iniciada.
2025-03-28 01:24:49,625 - INFO - Directorio de entrada: C:/Users/ivanw/Desktop/origen
2025-03-28 01:24:56,275 - INFO - Directorio de salida: C:/Users/ivanw/Desktop/destino
2025-03-28 01:25:01,340 - INFO - Carpeta de backups: C:/Users/ivanw/Desktop/backups
2025-03-28 01:25:16,109 - INFO - Configuración activa: config-prueba
2025-03-28 01:27:24,974 - INFO - Aplicación iniciada.
2025-03-28 01:27:35,407 - INFO - Directorio de entrada: C:/Users/ivanw/Desktop/origen
2025-03-28 01:27:40,794 - INFO - Directorio de salida: C:/Users/ivanw/Desktop/destino
2025-03-28 01:27:48,849 - INFO - Carpeta de backups: C:/Users/ivanw/Desktop/backups
2025-03-28 01:27:54,706 - INFO - Configuración activa: config-prueba
2025-03-28 01:28:35,290 - INFO - No hay monitorización activa.
2025-03-28 01:30:00,446 - INFO - Aplicación iniciada.
2025-03-28 01:30:09,383 - INFO - Directorio de entrada: C:/Users/ivanw/Desktop/origen
2025-03-28 01:30:16,804 - INFO - Directorio de salida: C:/Users/ivanw/Desktop/destino
2025-03-28 01:30:22,606 - INFO - Carpeta de backups: C:/Users/ivanw/Desktop/backups
2025-03-28 01:30:35,625 - INFO - Configuración activa: config-prueba
2025-03-28 01:36:24,527 - INFO - Aplicación iniciada.
2025-03-28 01:36:33,672 - INFO - Directorio de entrada: C:/Users/ivanw/Desktop/origen
2025-03-28 01:36:37,079 - INFO - Directorio de salida: C:/Users/ivanw/Desktop/destino
2025-03-28 01:36:40,828 - INFO - Carpeta de backups: C:/Users/ivanw/Desktop/backups
2025-03-28 01:36:44,593 - INFO - Configuración activa: config-prueba
2025-03-28 01:39:24,787 - INFO - Configuraciones guardadas.
2025-03-28 01:39:24,788 - INFO - Configuración 'config-prueba' actualizada.
2025-03-28 01:39:38,578 - INFO - Iniciada la monitorización en: C:/Users/ivanw/Desktop/origen
2025-03-28 01:39:38,578 - INFO - Monitorización iniciada.
2025-03-28 01:39:44,937 - INFO - Archivo detectado: C:/Users/ivanw/Desktop/origen\s12.hl7
2025-03-28 01:39:44,943 - INFO - Procesando archivo: C:/Users/ivanw/Desktop/origen\s12.hl7
2025-03-28 01:39:44,944 - INFO - Eliminado segmento: AIP
2025-03-28 01:39:44,944 - INFO - Segmento agregado en la posición 6: ['NK1']
2025-03-28 01:39:44,944 - INFO - Campo modificado en segmento MSH: índice 3 de 'PRAXISINTERFACEMANAGER' a 'PRAXISINTERFACEMANAGER'
2025-03-28 01:39:44,944 - INFO - Valor copiado en segmento MSH: de índice 3 a índice 7
2025-03-28 01:39:44,951 - INFO - Archivo HL7 escrito en: C:/Users/ivanw/Desktop/destino\s12.hl7
2025-03-28 01:39:44,960 - INFO - Archivo procesado. Original movido a backups: C:/Users/ivanw/Desktop/backups\s12.hl7
2025-03-28 01:39:44,962 - INFO - Archivo detectado: C:/Users/ivanw/Desktop/origen\S12queNoPasó.hl7
2025-03-28 01:39:44,987 - INFO - Procesando archivo: C:/Users/ivanw/Desktop/origen\S12queNoPasó.hl7
2025-03-28 01:39:44,989 - INFO - Eliminado segmento: AIP
2025-03-28 01:39:44,989 - INFO - Segmento agregado en la posición 13: ['NK1']
2025-03-28 01:39:44,989 - INFO - Campo modificado en segmento MSH: índice 3 de 'PRAXISINTERFACEMANAGER' a 'PRAXISINTERFACEMANAGER'
2025-03-28 01:39:44,989 - INFO - Valor copiado en segmento MSH: de índice 3 a índice 7
2025-03-28 01:39:45,002 - INFO - Archivo HL7 escrito en: C:/Users/ivanw/Desktop/destino\S12queNoPasó.hl7
2025-03-28 01:39:45,018 - INFO - Archivo procesado. Original movido a backups: C:/Users/ivanw/Desktop/backups\S12queNoPasó.hl7
2025-03-28 01:39:45,019 - INFO - Archivo detectado: C:/Users/ivanw/Desktop/origen\S12queSiPasó.hl7
2025-03-28 01:39:45,019 - INFO - Procesando archivo: C:/Users/ivanw/Desktop/origen\S12queSiPasó.hl7
2025-03-28 01:39:45,019 - INFO - Eliminado segmento: AIP
2025-03-28 01:39:45,020 - INFO - Segmento agregado en la posición 7: ['NK1']
2025-03-28 01:39:45,020 - INFO - Campo modificado en segmento MSH: índice 3 de 'PRAXISINTERFACEMANAGER' a 'PRAXISINTERFACEMANAGER'
2025-03-28 01:39:45,020 - INFO - Valor copiado en segmento MSH: de índice 3 a índice 7
2025-03-28 01:39:45,021 - INFO - Archivo HL7 escrito en: C:/Users/ivanw/Desktop/destino\S12queSiPasó.hl7
2025-03-28 01:39:45,032 - INFO - Archivo procesado. Original movido a backups: C:/Users/ivanw/Desktop/backups\S12queSiPasó.hl7
2025-03-28 01:39:45,032 - INFO - Archivo detectado: C:/Users/ivanw/Desktop/origen\s12-SIU-example.hl7
2025-03-28 01:39:45,032 - INFO - Procesando archivo: C:/Users/ivanw/Desktop/origen\s12-SIU-example.hl7
2025-03-28 01:39:45,034 - INFO - Eliminado segmento: AIP
2025-03-28 01:39:45,034 - INFO - Segmento agregado en la posición 7: ['NK1']
2025-03-28 01:39:45,034 - INFO - Campo modificado en segmento MSH: índice 3 de 'PRAXISINTERFACEMANAGER' a 'PRAXISINTERFACEMANAGER'
2025-03-28 01:39:45,035 - INFO - Valor copiado en segmento MSH: de índice 3 a índice 7
2025-03-28 01:39:45,035 - INFO - Archivo HL7 escrito en: C:/Users/ivanw/Desktop/destino\s12-SIU-example.hl7
2025-03-28 01:39:45,045 - INFO - Archivo procesado. Original movido a backups: C:/Users/ivanw/Desktop/backups\s12-SIU-example.hl7
2025-03-28 01:40:25,840 - INFO - Monitorización detenida.
2025-03-28 01:40:25,840 - INFO - Monitorización detenida.
2025-03-28 01:41:46,238 - INFO - Monitorización detenida.
2025-03-28 01:41:46,238 - INFO - Monitorización detenida.
2025-03-30 20:23:49,970 - INFO - Aplicación iniciada.
2025-03-30 20:24:49,199 - INFO - Directorio de entrada: C:/Users/ivanw/Desktop/origen
2025-03-30 20:24:52,638 - INFO - Configuración activa: config-prueba
2025-04-04 16:36:40,399 - INFO - Aplicación iniciada.
2025-04-04 16:37:56,073 - INFO - Configuraciones guardadas.
2025-04-04 16:37:56,074 - INFO - Nueva configuración 'advacemd' creada.
2025-04-04 16:38:01,235 - INFO - Configuración activa: advacemd
2025-04-04 16:39:37,536 - INFO - Configuraciones guardadas.
2025-04-04 16:39:37,536 - INFO - Configuración 'advacemd' actualizada.
2025-04-04 16:39:43,787 - INFO - Configuración activa: config-prueba
2025-04-06 19:44:25,957 - INFO - Aplicación iniciada.
2025-04-06 19:45:59,053 - INFO - Directorio de entrada: C:/Users/ivanw/Desktop/origen
2025-04-06 19:46:06,862 - INFO - Directorio de salida: C:/Users/ivanw/Desktop/destino
2025-04-06 19:46:19,329 - INFO - Carpeta de backups: C:/Users/ivanw/Desktop/backups
2025-04-06 19:46:31,926 - INFO - Configuración activa: advacemd
2025-04-06 19:46:52,366 - INFO - Configuración activa: config-prueba
2025-04-06 19:57:05,831 - INFO - Configuraciones guardadas.
2025-04-06 19:57:05,832 - INFO - Configuración 'config-prueba' actualizada.
2025-04-06 19:57:11,495 - INFO - Iniciada la monitorización en: C:/Users/ivanw/Desktop/origen
2025-04-06 19:57:11,496 - INFO - Monitorización iniciada.
2025-04-06 19:57:29,704 - INFO - Archivo detectado: C:/Users/ivanw/Desktop/origen\S12queSiPasó.hl7
2025-04-06 19:57:29,707 - INFO - Procesando archivo: C:/Users/ivanw/Desktop/origen\S12queSiPasó.hl7
2025-04-06 19:57:29,723 - INFO - Eliminado segmento: AIP
2025-04-06 19:57:29,723 - INFO - Segmento agregado en la posición 7: ['NK1']
2025-04-06 19:57:29,723 - INFO - Campo modificado en segmento MSH: índice 3 de 'PRAXISINTERFACEMANAGER' a 'PRAXISINTERFACEMANAGER'
2025-04-06 19:57:29,724 - INFO - Valor copiado de MSH[2] a NK1[2]: OPENPM
2025-04-06 19:57:29,724 - INFO - Archivo HL7 escrito en: C:/Users/ivanw/Desktop/destino\S12queSiPasó.hl7
2025-04-06 19:57:29,742 - INFO - Archivo procesado. Original movido a backups: C:/Users/ivanw/Desktop/backups\S12queSiPasó.hl7
2025-04-06 19:57:29,742 - INFO - Archivo detectado: C:/Users/ivanw/Desktop/origen\s12-SIU-example.hl7
2025-04-06 19:57:29,755 - INFO - Procesando archivo: C:/Users/ivanw/Desktop/origen\s12-SIU-example.hl7
2025-04-06 19:57:29,785 - INFO - Eliminado segmento: AIP
2025-04-06 19:57:29,785 - INFO - Segmento agregado en la posición 8: ['NK1']
2025-04-06 19:57:29,785 - INFO - Campo modificado en segmento MSH: índice 3 de 'PRAXISINTERFACEMANAGER' a 'PRAXISINTERFACEMANAGER'
2025-04-06 19:57:29,786 - INFO - Valor copiado de MSH[2] a NK1[2]: ProClaim
2025-04-06 19:57:29,786 - INFO - Archivo HL7 escrito en: C:/Users/ivanw/Desktop/destino\s12-SIU-example.hl7
2025-04-06 19:57:29,790 - INFO - Archivo procesado. Original movido a backups: C:/Users/ivanw/Desktop/backups\s12-SIU-example.hl7
2025-04-06 19:57:29,790 - INFO - Archivo detectado: C:/Users/ivanw/Desktop/origen\s12.hl7
2025-04-06 19:57:29,791 - INFO - Procesando archivo: C:/Users/ivanw/Desktop/origen\s12.hl7
2025-04-06 19:57:29,807 - INFO - Eliminado segmento: AIP
2025-04-06 19:57:29,807 - INFO - Segmento agregado en la posición 6: ['NK1']
2025-04-06 19:57:29,807 - INFO - Campo modificado en segmento MSH: índice 3 de 'PRAXISINTERFACEMANAGER' a 'PRAXISINTERFACEMANAGER'
2025-04-06 19:57:29,807 - INFO - Valor copiado de MSH[2] a NK1[2]: PraxisEMR
2025-04-06 19:57:29,809 - INFO - Archivo HL7 escrito en: C:/Users/ivanw/Desktop/destino\s12.hl7
2025-04-06 19:57:29,811 - INFO - Archivo procesado. Original movido a backups: C:/Users/ivanw/Desktop/backups\s12.hl7
2025-04-06 19:57:29,812 - INFO - Archivo detectado: C:/Users/ivanw/Desktop/origen\S12queNoPasó.hl7
2025-04-06 19:57:29,812 - INFO - Procesando archivo: C:/Users/ivanw/Desktop/origen\S12queNoPasó.hl7
2025-04-06 19:57:29,835 - INFO - Eliminado segmento: AIP
2025-04-06 19:57:29,836 - INFO - Segmento agregado en la posición 6: ['NK1']
2025-04-06 19:57:29,836 - INFO - Campo modificado en segmento MSH: índice 3 de 'PRAXISINTERFACEMANAGER' a 'PRAXISINTERFACEMANAGER'
2025-04-06 19:57:29,836 - INFO - Valor copiado de MSH[2] a NK1[2]: OPENPM
2025-04-06 19:57:29,838 - INFO - Archivo HL7 escrito en: C:/Users/ivanw/Desktop/destino\S12queNoPasó.hl7
2025-04-06 19:57:29,841 - INFO - Archivo procesado. Original movido a backups: C:/Users/ivanw/Desktop/backups\S12queNoPasó.hl7
2025-04-06 20:07:54,222 - INFO - Iniciada la monitorización en: C:/Users/ivanw/Desktop/origen
2025-04-06 20:07:54,223 - INFO - Monitorización iniciada.
2025-04-06 20:08:05,051 - INFO - Monitorización detenida.
2025-04-06 20:08:05,052 - INFO - Monitorización detenida.
